Build started 7/19/2016 9:57:58 AM.
     1>Project "D:\c++&c\new_diploma\programms\HomeWork1_EX6\HomeWork1_EX6\HomeWork1_EX6.vcxproj" on node 2 (build target(s)).
     1>PrepareForBuild:
         Creating directory "D:\c++&c\new_diploma\programms\HomeWork1_EX6\Debug\".
       InitializeBuildStatus:
         Creating "Debug\HomeWork1_EX6.unsuccessfulbuild" because "AlwaysCreate" was specified.
       ClCompile:
         C:\Program Files (x86)\Microsoft Visual Studio 10.0\VC\bin\CL.exe /c /ZI /nologo /W3 /WX- /Od /Oy- /D WIN32 /D _DEBUG /D _CONSOLE /D _UNICODE /D UNICODE /Gm /EHsc /RTC1 /MDd /GS /fp:precise /Zc:wchar_t /Zc:forScope /Fo"Debug\\" /Fd"Debug\vc100.pdb" /Gd /TC /analyze- /errorReport:prompt main.c
         main.c
     1>d:\c++&c\new_diploma\programms\homework1_ex6\homework1_ex6\main.c(8): warning C4996: 'scanf': This function or variable may be unsafe. Consider using scanf_s instead. To disable deprecation, use _CRT_SECURE_NO_WARNINGS. See online help for details.
                 c:\program files (x86)\microsoft visual studio 10.0\vc\include\stdio.h(304) : see declaration of 'scanf'
     1>d:\c++&c\new_diploma\programms\homework1_ex6\homework1_ex6\main.c(10): warning C4996: 'scanf': This function or variable may be unsafe. Consider using scanf_s instead. To disable deprecation, use _CRT_SECURE_NO_WARNINGS. See online help for details.
                 c:\program files (x86)\microsoft visual studio 10.0\vc\include\stdio.h(304) : see declaration of 'scanf'
     1>d:\c++&c\new_diploma\programms\homework1_ex6\homework1_ex6\main.c(19): warning C4996: 'getch': The POSIX name for this item is deprecated. Instead, use the ISO C++ conformant name: _getch. See online help for details.
                 c:\program files (x86)\microsoft visual studio 10.0\vc\include\conio.h(128) : see declaration of 'getch'
       ManifestResourceCompile:
         C:\Program Files (x86)\Microsoft SDKs\Windows\v7.0A\bin\rc.exe /nologo /fo"Debug\HomeWork1_EX6.exe.embed.manifest.res" Debug\HomeWork1_EX6_manifest.rc 
       Link:
         C:\Program Files (x86)\Microsoft Visual Studio 10.0\VC\bin\link.exe /ERRORREPORT:PROMPT /OUT:"D:\c++&c\new_diploma\programms\HomeWork1_EX6\Debug\HomeWork1_EX6.exe" /INCREMENTAL /NOLOGO kernel32.lib user32.lib gdi32.lib winspool.lib comdlg32.lib advapi32.lib shell32.lib ole32.lib oleaut32.lib uuid.lib odbc32.lib odbccp32.lib /MANIFEST /ManifestFile:"Debug\HomeWork1_EX6.exe.intermediate.manifest" /MANIFESTUAC:"level='asInvoker' uiAccess='false'" /DEBUG /PDB:"D:\c++&c\new_diploma\programms\HomeWork1_EX6\Debug\HomeWork1_EX6.pdb" /SUBSYSTEM:CONSOLE /TLBID:1 /DYNAMICBASE /NXCOMPAT /IMPLIB:"D:\c++&c\new_diploma\programms\HomeWork1_EX6\Debug\HomeWork1_EX6.lib" /MACHINE:X86 Debug\HomeWork1_EX6.exe.embed.manifest.res
         Debug\main.obj
       Manifest:
         C:\Program Files (x86)\Microsoft SDKs\Windows\v7.0A\bin\mt.exe /nologo /verbose /out:"Debug\HomeWork1_EX6.exe.embed.manifest" /manifest Debug\HomeWork1_EX6.exe.intermediate.manifest
         C:\Program Files (x86)\Microsoft SDKs\Windows\v7.0A\bin\rc.exe /nologo /fo"Debug\HomeWork1_EX6.exe.embed.manifest.res" Debug\HomeWork1_EX6_manifest.rc 
       LinkEmbedManifest:
         C:\Program Files (x86)\Microsoft Visual Studio 10.0\VC\bin\link.exe /ERRORREPORT:PROMPT /OUT:"D:\c++&c\new_diploma\programms\HomeWork1_EX6\Debug\HomeWork1_EX6.exe" /INCREMENTAL /NOLOGO kernel32.lib user32.lib gdi32.lib winspool.lib comdlg32.lib advapi32.lib shell32.lib ole32.lib oleaut32.lib uuid.lib odbc32.lib odbccp32.lib /MANIFEST /ManifestFile:"Debug\HomeWork1_EX6.exe.intermediate.manifest" /MANIFESTUAC:"level='asInvoker' uiAccess='false'" /DEBUG /PDB:"D:\c++&c\new_diploma\programms\HomeWork1_EX6\Debug\HomeWork1_EX6.pdb" /SUBSYSTEM:CONSOLE /TLBID:1 /DYNAMICBASE /NXCOMPAT /IMPLIB:"D:\c++&c\new_diploma\programms\HomeWork1_EX6\Debug\HomeWork1_EX6.lib" /MACHINE:X86 Debug\HomeWork1_EX6.exe.embed.manifest.res
         Debug\main.obj
         HomeWork1_EX6.vcxproj -> D:\c++&c\new_diploma\programms\HomeWork1_EX6\Debug\HomeWork1_EX6.exe
       FinalizeBuildStatus:
         Deleting file "Debug\HomeWork1_EX6.unsuccessfulbuild".
         Touching "Debug\HomeWork1_EX6.lastbuildstate".
     1>Done Building Project "D:\c++&c\new_diploma\programms\HomeWork1_EX6\HomeWork1_EX6\HomeWork1_EX6.vcxproj" (build target(s)).

Build succeeded.

Time Elapsed 00:00:01.43
